<?xml version="1.0" encoding="UTF-8"?>
<!-- Generated by org.testng.reporters.JUnitReportReporter -->
<testsuite hostname="DESKTOP-4M9BG66" failures="0" tests="6" name="DynamicJson" time="4.704" errors="0" timestamp="2023-02-14T00:08:22 IST" skipped="0">
  <testcase classname="DynamicJson" name="addBookTest" time="0.216"/>
  <system-out/>
  <testcase classname="DynamicJson" name="deleteBook" time="0.198"/>
  <system-out/>
  <testcase classname="DynamicJson" name="deleteBook" time="0.147"/>
  <system-out/>
  <testcase classname="DynamicJson" name="deleteBook" time="0.156"/>
  <system-out/>
  <testcase classname="DynamicJson" name="addBookTest" time="0.199"/>
  <system-out/>
  <testcase classname="DynamicJson" name="addBookTest" time="3.788"/>
  <system-out/>
</testsuite> <!-- DynamicJson -->
