<?xml version="1.0" encoding="UTF-8"?>
<!-- Generated by org.testng.reporters.JUnitReportReporter -->
<testsuite hostname="DESKTOP-4M9BG66" failures="0" tests="2" name="Test01_GET" time="5.120" errors="0" timestamp="2023-02-11T17:15:05 IST" skipped="0">
  <testcase classname="Test01_GET" name="test02" time="1.923"/>
  <system-out/>
  <testcase classname="Test01_GET" name="test01" time="3.197"/>
  <system-out/>
</testsuite> <!-- Test01_GET -->
